<?xml version="1.0" encoding="UTF-8"?>
<!-- Generated by org.testng.reporters.JUnitReportReporter -->
<testsuite hostname="Saiful" name="com.google.MainSearch" tests="1" failures="0" timestamp="19 Nov 2017 05:41:29 GMT" time="11.733" errors="0">
  <testcase name="selectFromSearchList" time="11.733" classname="com.google.MainSearch"/>
</testsuite> <!-- com.google.MainSearch -->
