<?xml version="1.0" encoding="UTF-8"?>
<!-- Generated by org.testng.reporters.JUnitReportReporter -->
<testsuite hostname="Saiful" name="com.jenkins.FirstDemo" tests="1" failures="0" timestamp="19 Nov 2017 03:48:12 GMT" time="0.010" errors="0">
  <testcase name="demoTest" time="0.010" classname="com.jenkins.FirstDemo"/>
</testsuite> <!-- com.jenkins.FirstDemo -->
